<?xml version="1.0" encoding="UTF-8"?>
<testsuite name="com.jojoldu.book.springboot.web.IndexControllerTest" tests="1" skipped="0" failures="1" errors="0" timestamp="2020-12-12T12:36:25" hostname="user" time="0.563">
  <properties/>
  <testcase name="메인페이지_로딩" classname="com.jojoldu.book.springboot.web.IndexControllerTest" time="0.563">
    <failure message="java.lang.AssertionError: &#13;&#10;Expecting:&#13;&#10; &lt;&quot;&lt;!DOCTYPE html&gt;&#10;&lt;html lang=&quot;en&quot;&gt;&#10;  &lt;head&gt;&#10;    &lt;meta charset=&quot;utf-8&quot;&gt;&#10;    &lt;meta name=&quot;viewport&quot; content=&quot;width=device-width, initial-scale=1, shrink-to-fit=no&quot;&gt;&#10;    &lt;meta name=&quot;description&quot; content=&quot;&quot;&gt;&#10;    &lt;meta name=&quot;author&quot; content=&quot;&quot;&gt;&#10;    &lt;title&gt;Please sign in&lt;/title&gt;&#10;    &lt;link href=&quot;https://maxcdn.bootstrapcdn.com/bootstrap/4.0.0-beta/css/bootstrap.min.css&quot; rel=&quot;stylesheet&quot; integrity=&quot;sha384-/Y6pD6FV/Vv2HJnA6t+vslU6fwYXjCFtcEpHbNJ0lyAFsXTsjBbfaDjzALeQsN6M&quot; crossorigin=&quot;anonymous&quot;&gt;&#10;    &lt;link href=&quot;https://getbootstrap.com/docs/4.0/examples/signin/signin.css&quot; rel=&quot;stylesheet&quot; crossorigin=&quot;anonymous&quot;/&gt;&#10;  &lt;/head&gt;&#10;  &lt;body&gt;&#10;     &lt;div class=&quot;container&quot;&gt;&#10;      &lt;form class=&quot;form-signin&quot; method=&quot;post&quot; action=&quot;/login&quot;&gt;&#10;        &lt;h2 class=&quot;form-signin-heading&quot;&gt;Please sign in&lt;/h2&gt;&#10;        &lt;p&gt;&#10;          &lt;label for=&quot;username&quot; class=&quot;sr-only&quot;&gt;Username&lt;/label&gt;&#10;          &lt;input type=&quot;text&quot; id=&quot;username&quot; name=&quot;username&quot; class=&quot;form-control&quot; placeholder=&quot;Username&quot; required autofocus&gt;&#10;        &lt;/p&gt;&#10;        &lt;p&gt;&#10;          &lt;label for=&quot;password&quot; class=&quot;sr-only&quot;&gt;Password&lt;/label&gt;&#10;          &lt;input type=&quot;password&quot; id=&quot;password&quot; name=&quot;password&quot; class=&quot;form-control&quot; placeholder=&quot;Password&quot; required&gt;&#10;        &lt;/p&gt;&#10;&lt;input name=&quot;_csrf&quot; type=&quot;hidden&quot; value=&quot;1be5eb95-afa1-446a-ab3f-67a1c27471bc&quot; /&gt;&#10;        &lt;button class=&quot;btn btn-lg btn-primary btn-block&quot; type=&quot;submit&quot;&gt;Sign in&lt;/button&gt;&#10;      &lt;/form&gt;&#10;&lt;/div&gt;&#10;&lt;/body&gt;&lt;/html&gt;&quot;&gt;&#13;&#10;to contain:&#13;&#10; &lt;&quot;스프링 부트로 시작하는 웹 서비스&quot;&gt; " type="java.lang.AssertionError">java.lang.AssertionError: 
Expecting:
 &lt;&quot;&lt;!DOCTYPE html&gt;
&lt;html lang=&quot;en&quot;&gt;
  &lt;head&gt;
    &lt;meta charset=&quot;utf-8&quot;&gt;
    &lt;meta name=&quot;viewport&quot; content=&quot;width=device-width, initial-scale=1, shrink-to-fit=no&quot;&gt;
    &lt;meta name=&quot;description&quot; content=&quot;&quot;&gt;
    &lt;meta name=&quot;author&quot; content=&quot;&quot;&gt;
    &lt;title&gt;Please sign in&lt;/title&gt;
    &lt;link href=&quot;https://maxcdn.bootstrapcdn.com/bootstrap/4.0.0-beta/css/bootstrap.min.css&quot; rel=&quot;stylesheet&quot; integrity=&quot;sha384-/Y6pD6FV/Vv2HJnA6t+vslU6fwYXjCFtcEpHbNJ0lyAFsXTsjBbfaDjzALeQsN6M&quot; crossorigin=&quot;anonymous&quot;&gt;
    &lt;link href=&quot;https://getbootstrap.com/docs/4.0/examples/signin/signin.css&quot; rel=&quot;stylesheet&quot; crossorigin=&quot;anonymous&quot;/&gt;
  &lt;/head&gt;
  &lt;body&gt;
     &lt;div class=&quot;container&quot;&gt;
      &lt;form class=&quot;form-signin&quot; method=&quot;post&quot; action=&quot;/login&quot;&gt;
        &lt;h2 class=&quot;form-signin-heading&quot;&gt;Please sign in&lt;/h2&gt;
        &lt;p&gt;
          &lt;label for=&quot;username&quot; class=&quot;sr-only&quot;&gt;Username&lt;/label&gt;
          &lt;input type=&quot;text&quot; id=&quot;username&quot; name=&quot;username&quot; class=&quot;form-control&quot; placeholder=&quot;Username&quot; required autofocus&gt;
        &lt;/p&gt;
        &lt;p&gt;
          &lt;label for=&quot;password&quot; class=&quot;sr-only&quot;&gt;Password&lt;/label&gt;
          &lt;input type=&quot;password&quot; id=&quot;password&quot; name=&quot;password&quot; class=&quot;form-control&quot; placeholder=&quot;Password&quot; required&gt;
        &lt;/p&gt;
&lt;input name=&quot;_csrf&quot; type=&quot;hidden&quot; value=&quot;1be5eb95-afa1-446a-ab3f-67a1c27471bc&quot; /&gt;
        &lt;button class=&quot;btn btn-lg btn-primary btn-block&quot; type=&quot;submit&quot;&gt;Sign in&lt;/button&gt;
      &lt;/form&gt;
&lt;/div&gt;
&lt;/body&gt;&lt;/html&gt;&quot;&gt;
to contain:
 &lt;&quot;스프링 부트로 시작하는 웹 서비스&quot;&gt; 
	at com.jojoldu.book.springboot.web.IndexControllerTest.메인페이지_로딩(IndexControllerTest.java:25)
	at sun.reflect.NativeMethodAccessorImpl.invoke0(Native Method)
	at sun.reflect.NativeMethodAccessorImpl.invoke(NativeMethodAccessorImpl.java:62)
	at sun.reflect.DelegatingMethodAccessorImpl.invoke(DelegatingMethodAccessorImpl.java:43)
	at java.lang.reflect.Method.invoke(Method.java:498)
	at org.junit.runners.model.FrameworkMethod$1.runReflectiveCall(FrameworkMethod.java:50)
	at org.junit.internal.runners.model.ReflectiveCallable.run(ReflectiveCallable.java:12)
	at org.junit.runners.model.FrameworkMethod.invokeExplosively(FrameworkMethod.java:47)
	at org.junit.internal.runners.statements.InvokeMethod.evaluate(InvokeMethod.java:17)
	at org.springframework.test.context.junit4.statements.RunBeforeTestExecutionCallbacks.evaluate(RunBeforeTestExecutionCallbacks.java:74)
	at org.springframework.test.context.junit4.statements.RunAfterTestExecutionCallbacks.evaluate(RunAfterTestExecutionCallbacks.java:84)
	at org.springframework.test.context.junit4.statements.RunBeforeTestMethodCallbacks.evaluate(RunBeforeTestMethodCallbacks.java:75)
	at org.springframework.test.context.junit4.statements.RunAfterTestMethodCallbacks.evaluate(RunAfterTestMethodCallbacks.java:86)
	at org.springframework.test.context.junit4.statements.SpringRepeat.evaluate(SpringRepeat.java:84)
	at org.junit.runners.ParentRunner.runLeaf(ParentRunner.java:325)
	at org.springframework.test.context.junit4.SpringJUnit4ClassRunner.runChild(SpringJUnit4ClassRunner.java:251)
	at org.springframework.test.context.junit4.SpringJUnit4ClassRunner.runChild(SpringJUnit4ClassRunner.java:97)
	at org.junit.runners.ParentRunner$3.run(ParentRunner.java:290)
	at org.junit.runners.ParentRunner$1.schedule(ParentRunner.java:71)
	at org.junit.runners.ParentRunner.runChildren(ParentRunner.java:288)
	at org.junit.runners.ParentRunner.access$000(ParentRunner.java:58)
	at org.junit.runners.ParentRunner$2.evaluate(ParentRunner.java:268)
	at org.springframework.test.context.junit4.statements.RunBeforeTestClassCallbacks.evaluate(RunBeforeTestClassCallbacks.java:61)
	at org.springframework.test.context.junit4.statements.RunAfterTestClassCallbacks.evaluate(RunAfterTestClassCallbacks.java:70)
	at org.junit.runners.ParentRunner.run(ParentRunner.java:363)
	at org.springframework.test.context.junit4.SpringJUnit4ClassRunner.run(SpringJUnit4ClassRunner.java:190)
	at org.gradle.api.internal.tasks.testing.junit.JUnitTestClassExecutor.runTestClass(JUnitTestClassExecutor.java:106)
	at org.gradle.api.internal.tasks.testing.junit.JUnitTestClassExecutor.execute(JUnitTestClassExecutor.java:58)
	at org.gradle.api.internal.tasks.testing.junit.JUnitTestClassExecutor.execute(JUnitTestClassExecutor.java:38)
	at org.gradle.api.internal.tasks.testing.junit.AbstractJUnitTestClassProcessor.processTestClass(AbstractJUnitTestClassProcessor.java:66)
	at org.gradle.api.internal.tasks.testing.SuiteTestClassProcessor.processTestClass(SuiteTestClassProcessor.java:51)
	at sun.reflect.NativeMethodAccessorImpl.invoke0(Native Method)
	at sun.reflect.NativeMethodAccessorImpl.invoke(NativeMethodAccessorImpl.java:62)
	at sun.reflect.DelegatingMethodAccessorImpl.invoke(DelegatingMethodAccessorImpl.java:43)
	at java.lang.reflect.Method.invoke(Method.java:498)
	at org.gradle.internal.dispatch.ReflectionDispatch.dispatch(ReflectionDispatch.java:35)
	at org.gradle.internal.dispatch.ReflectionDispatch.dispatch(ReflectionDispatch.java:24)
	at org.gradle.internal.dispatch.ContextClassLoaderDispatch.dispatch(ContextClassLoaderDispatch.java:32)
	at org.gradle.internal.dispatch.ProxyDispatchAdapter$DispatchingInvocationHandler.invoke(ProxyDispatchAdapter.java:93)
	at com.sun.proxy.$Proxy2.processTestClass(Unknown Source)
	at org.gradle.api.internal.tasks.testing.worker.TestWorker.processTestClass(TestWorker.java:117)
	at sun.reflect.NativeMethodAccessorImpl.invoke0(Native Method)
	at sun.reflect.NativeMethodAccessorImpl.invoke(NativeMethodAccessorImpl.java:62)
	at sun.reflect.DelegatingMethodAccessorImpl.invoke(DelegatingMethodAccessorImpl.java:43)
	at java.lang.reflect.Method.invoke(Method.java:498)
	at org.gradle.internal.dispatch.ReflectionDispatch.dispatch(ReflectionDispatch.java:35)
	at org.gradle.internal.dispatch.ReflectionDispatch.dispatch(ReflectionDispatch.java:24)
	at org.gradle.internal.remote.internal.hub.MessageHubBackedObjectConnection$DispatchWrapper.dispatch(MessageHubBackedObjectConnection.java:155)
	at org.gradle.internal.remote.internal.hub.MessageHubBackedObjectConnection$DispatchWrapper.dispatch(MessageHubBackedObjectConnection.java:137)
	at org.gradle.internal.remote.internal.hub.MessageHub$Handler.run(MessageHub.java:404)
	at org.gradle.internal.concurrent.ExecutorPolicy$CatchAndRecordFailures.onExecute(ExecutorPolicy.java:63)
	at org.gradle.internal.concurrent.ManagedExecutorImpl$1.run(ManagedExecutorImpl.java:46)
	at java.util.concurrent.ThreadPoolExecutor.runWorker(ThreadPoolExecutor.java:1149)
	at java.util.concurrent.ThreadPoolExecutor$Worker.run(ThreadPoolExecutor.java:624)
	at org.gradle.internal.concurrent.ThreadFactoryImpl$ManagedThreadRunnable.run(ThreadFactoryImpl.java:55)
	at java.lang.Thread.run(Thread.java:748)
</failure>
  </testcase>
  <system-out><![CDATA[21:36:13.079 [Test worker] DEBUG org.springframework.test.context.junit4.SpringJUnit4ClassRunner - SpringJUnit4ClassRunner constructor called with [class com.jojoldu.book.springboot.web.IndexControllerTest]
21:36:13.093 [Test worker] DEBUG org.springframework.test.context.BootstrapUtils - Instantiating CacheAwareContextLoaderDelegate from class [org.springframework.test.context.cache.DefaultCacheAwareContextLoaderDelegate]
21:36:13.105 [Test worker] DEBUG org.springframework.test.context.BootstrapUtils - Instantiating BootstrapContext using constructor [public org.springframework.test.context.support.DefaultBootstrapContext(java.lang.Class,org.springframework.test.context.CacheAwareContextLoaderDelegate)]
21:36:13.129 [Test worker] DEBUG org.springframework.test.context.BootstrapUtils - Instantiating TestContextBootstrapper for test class [com.jojoldu.book.springboot.web.IndexControllerTest] from class [org.springframework.boot.test.context.SpringBootTestContextBootstrapper]
21:36:13.147 [Test worker] INFO org.springframework.boot.test.context.SpringBootTestContextBootstrapper - Neither @ContextConfiguration nor @ContextHierarchy found for test class [com.jojoldu.book.springboot.web.IndexControllerTest], using SpringBootContextLoader
21:36:13.151 [Test worker] DEBUG org.springframework.test.context.support.AbstractContextLoader - Did not detect default resource location for test class [com.jojoldu.book.springboot.web.IndexControllerTest]: class path resource [com/jojoldu/book/springboot/web/IndexControllerTest-context.xml] does not exist
21:36:13.152 [Test worker] DEBUG org.springframework.test.context.support.AbstractContextLoader - Did not detect default resource location for test class [com.jojoldu.book.springboot.web.IndexControllerTest]: class path resource [com/jojoldu/book/springboot/web/IndexControllerTestContext.groovy] does not exist
21:36:13.152 [Test worker] INFO org.springframework.test.context.support.AbstractContextLoader - Could not detect default resource locations for test class [com.jojoldu.book.springboot.web.IndexControllerTest]: no resource found for suffixes {-context.xml, Context.groovy}.
21:36:13.156 [Test worker] INFO org.springframework.test.context.support.AnnotationConfigContextLoaderUtils - Could not detect default configuration classes for test class [com.jojoldu.book.springboot.web.IndexControllerTest]: IndexControllerTest does not declare any static, non-private, non-final, nested classes annotated with @Configuration.
21:36:13.248 [Test worker] DEBUG org.springframework.test.context.support.ActiveProfilesUtils - Could not find an 'annotation declaring class' for annotation type [org.springframework.test.context.ActiveProfiles] and class [com.jojoldu.book.springboot.web.IndexControllerTest]
21:36:13.408 [Test worker] DEBUG org.springframework.context.annotation.ClassPathScanningCandidateComponentProvider - Identified candidate component class: file [C:\workspace\workspace_spring\garam-freelec-springboot2-webservice\build\classes\java\main\com\jojoldu\book\springboot\Application.class]
21:36:13.410 [Test worker] INFO org.springframework.boot.test.context.SpringBootTestContextBootstrapper - Found @SpringBootConfiguration com.jojoldu.book.springboot.Application for test class com.jojoldu.book.springboot.web.IndexControllerTest
21:36:13.578 [Test worker] DEBUG org.springframework.boot.test.context.SpringBootTestContextBootstrapper - @TestExecutionListeners is not present for class [com.jojoldu.book.springboot.web.IndexControllerTest]: using defaults.
21:36:13.579 [Test worker] INFO org.springframework.boot.test.context.SpringBootTestContextBootstrapper - Loaded default TestExecutionListener class names from location [META-INF/spring.factories]: [org.springframework.security.test.context.support.WithSecurityContextTestExecutionListener, org.springframework.security.test.context.support.ReactorContextTestExecutionListener, org.springframework.boot.test.autoconfigure.restdocs.RestDocsTestExecutionListener, org.springframework.boot.test.autoconfigure.web.client.MockRestServiceServerResetTestExecutionListener, org.springframework.boot.test.autoconfigure.web.servlet.MockMvcPrintOnlyOnFailureTestExecutionListener, org.springframework.boot.test.autoconfigure.web.servlet.WebDriverTestExecutionListener, org.springframework.boot.test.mock.mockito.MockitoTestExecutionListener, org.springframework.boot.test.mock.mockito.ResetMocksTestExecutionListener, org.springframework.test.context.web.ServletTestExecutionListener, org.springframework.test.context.support.DirtiesContextBeforeModesTestExecutionListener, org.springframework.test.context.support.DependencyInjectionTestExecutionListener, org.springframework.test.context.support.DirtiesContextTestExecutionListener, org.springframework.test.context.transaction.TransactionalTestExecutionListener, org.springframework.test.context.jdbc.SqlScriptsTestExecutionListener]
21:36:13.613 [Test worker] INFO org.springframework.boot.test.context.SpringBootTestContextBootstrapper - Using TestExecutionListeners: [org.springframework.test.context.web.ServletTestExecutionListener@a858d22, org.springframework.test.context.support.DirtiesContextBeforeModesTestExecutionListener@58cd03c4, org.springframework.boot.test.mock.mockito.MockitoTestExecutionListener@499157e4, org.springframework.boot.test.autoconfigure.SpringBootDependencyInjectionTestExecutionListener@23b85f7d, org.springframework.test.context.support.DirtiesContextTestExecutionListener@5722ab5, org.springframework.test.context.transaction.TransactionalTestExecutionListener@3591dafc, org.springframework.test.context.jdbc.SqlScriptsTestExecutionListener@767c85dd, org.springframework.security.test.context.support.WithSecurityContextTestExecutionListener@17de6fd8, org.springframework.security.test.context.support.ReactorContextTestExecutionListener@36dc814, org.springframework.boot.test.autoconfigure.restdocs.RestDocsTestExecutionListener@3890a4bf, org.springframework.boot.test.autoconfigure.web.client.MockRestServiceServerResetTestExecutionListener@2ad09c1d, org.springframework.boot.test.autoconfigure.web.servlet.MockMvcPrintOnlyOnFailureTestExecutionListener@4e949630, org.springframework.boot.test.autoconfigure.web.servlet.WebDriverTestExecutionListener@2354ca9e, org.springframework.boot.test.mock.mockito.ResetMocksTestExecutionListener@1e5c2717]
21:36:13.620 [Test worker] DEBUG org.springframework.test.annotation.ProfileValueUtils - Retrieved @ProfileValueSourceConfiguration [null] for test class [com.jojoldu.book.springboot.web.IndexControllerTest]
21:36:13.622 [Test worker] DEBUG org.springframework.test.annotation.ProfileValueUtils - Retrieved ProfileValueSource type [class org.springframework.test.annotation.SystemProfileValueSource] for class [com.jojoldu.book.springboot.web.IndexControllerTest]
21:36:13.630 [Test worker] DEBUG org.springframework.test.annotation.ProfileValueUtils - Retrieved @ProfileValueSourceConfiguration [null] for test class [com.jojoldu.book.springboot.web.IndexControllerTest]
21:36:13.630 [Test worker] DEBUG org.springframework.test.annotation.ProfileValueUtils - Retrieved ProfileValueSource type [class org.springframework.test.annotation.SystemProfileValueSource] for class [com.jojoldu.book.springboot.web.IndexControllerTest]
21:36:13.634 [Test worker] DEBUG org.springframework.test.annotation.ProfileValueUtils - Retrieved @ProfileValueSourceConfiguration [null] for test class [com.jojoldu.book.springboot.web.IndexControllerTest]
21:36:13.636 [Test worker] DEBUG org.springframework.test.annotation.ProfileValueUtils - Retrieved ProfileValueSource type [class org.springframework.test.annotation.SystemProfileValueSource] for class [com.jojoldu.book.springboot.web.IndexControllerTest]
21:36:13.644 [Test worker] DEBUG org.springframework.test.context.support.AbstractDirtiesContextTestExecutionListener - Before test class: context [DefaultTestContext@69834d48 testClass = IndexControllerTest, testInstance = [null], testMethod = [null], testException = [null], mergedContextConfiguration = [WebMergedContextConfiguration@53be2d20 testClass = IndexControllerTest, locations = '{}', classes = '{class com.jojoldu.book.springboot.Application}', contextInitializerClasses = '[]', activeProfiles = '{}', propertySourceLocations = '{}', propertySourceProperties = '{org.springframework.boot.test.context.SpringBootTestContextBootstrapper=true, server.port=0}', contextCustomizers = set[org.springframework.boot.test.autoconfigure.properties.PropertyMappingContextCustomizer@0, org.springframework.boot.test.autoconfigure.web.servlet.WebDriverContextCustomizerFactory$Customizer@277d7655, org.springframework.boot.test.context.filter.ExcludeFilterContextCustomizer@3962e657, org.springframework.boot.test.json.DuplicateJsonObjectContextCustomizerFactory$DuplicateJsonObjectContextCustomizer@370832d4, org.springframework.boot.test.mock.mockito.MockitoContextCustomizer@0, org.springframework.boot.test.web.client.TestRestTemplateContextCustomizer@4358aef2], resourceBasePath = 'src/main/webapp', contextLoader = 'org.springframework.boot.test.context.SpringBootContextLoader', parent = [null]], attributes = map['org.springframework.test.context.web.ServletTestExecutionListener.activateListener' -> false]], class annotated with @DirtiesContext [false] with mode [null].
21:36:13.645 [Test worker] DEBUG org.springframework.test.annotation.ProfileValueUtils - Retrieved @ProfileValueSourceConfiguration [null] for test class [com.jojoldu.book.springboot.web.IndexControllerTest]
21:36:13.645 [Test worker] DEBUG org.springframework.test.annotation.ProfileValueUtils - Retrieved ProfileValueSource type [class org.springframework.test.annotation.SystemProfileValueSource] for class [com.jojoldu.book.springboot.web.IndexControllerTest]
21:36:13.652 [Test worker] DEBUG org.springframework.test.context.support.DependencyInjectionTestExecutionListener - Performing dependency injection for test context [[DefaultTestContext@69834d48 testClass = IndexControllerTest, testInstance = com.jojoldu.book.springboot.web.IndexControllerTest@207344dd, testMethod = [null], testException = [null], mergedContextConfiguration = [WebMergedContextConfiguration@53be2d20 testClass = IndexControllerTest, locations = '{}', classes = '{class com.jojoldu.book.springboot.Application}', contextInitializerClasses = '[]', activeProfiles = '{}', propertySourceLocations = '{}', propertySourceProperties = '{org.springframework.boot.test.context.SpringBootTestContextBootstrapper=true, server.port=0}', contextCustomizers = set[org.springframework.boot.test.autoconfigure.properties.PropertyMappingContextCustomizer@0, org.springframework.boot.test.autoconfigure.web.servlet.WebDriverContextCustomizerFactory$Customizer@277d7655, org.springframework.boot.test.context.filter.ExcludeFilterContextCustomizer@3962e657, org.springframework.boot.test.json.DuplicateJsonObjectContextCustomizerFactory$DuplicateJsonObjectContextCustomizer@370832d4, org.springframework.boot.test.mock.mockito.MockitoContextCustomizer@0, org.springframework.boot.test.web.client.TestRestTemplateContextCustomizer@4358aef2], resourceBasePath = 'src/main/webapp', contextLoader = 'org.springframework.boot.test.context.SpringBootContextLoader', parent = [null]], attributes = map['org.springframework.test.context.web.ServletTestExecutionListener.activateListener' -> false]]].
21:36:13.679 [Test worker] DEBUG org.springframework.test.context.support.TestPropertySourceUtils - Adding inlined properties to environment: {spring.jmx.enabled=false, org.springframework.boot.test.context.SpringBootTestContextBootstrapper=true, server.port=0}

  .   ____          _            __ _ _
 /\\ / ___'_ __ _ _(_)_ __  __ _ \ \ \ \
( ( )\___ | '_ | '_| | '_ \/ _` | \ \ \ \
 \\/  ___)| |_)| | | | | || (_| |  ) ) ) )
  '  |____| .__|_| |_|_| |_\__, | / / / /
 =========|_|==============|___/=/_/_/_/
 :: Spring Boot ::        (v2.1.9.RELEASE)

2020-12-12 21:36:14.146  INFO 4520 --- [    Test worker] c.j.b.s.web.IndexControllerTest          : Starting IndexControllerTest on user with PID 4520 (started by master in C:\workspace\workspace_spring\garam-freelec-springboot2-webservice)
2020-12-12 21:36:14.148  INFO 4520 --- [    Test worker] c.j.b.s.web.IndexControllerTest          : No active profile set, falling back to default profiles: default
2020-12-12 21:36:15.702  INFO 4520 --- [    Test worker] .s.d.r.c.RepositoryConfigurationDelegate : Bootstrapping Spring Data repositories in DEFAULT mode.
2020-12-12 21:36:15.845  INFO 4520 --- [    Test worker] .s.d.r.c.RepositoryConfigurationDelegate : Finished Spring Data repository scanning in 117ms. Found 1 repository interfaces.
2020-12-12 21:36:16.664  INFO 4520 --- [    Test worker] trationDelegate$BeanPostProcessorChecker : Bean 'org.springframework.transaction.annotation.ProxyTransactionManagementConfiguration' of type [org.springframework.transaction.annotation.ProxyTransactionManagementConfiguration$$EnhancerBySpringCGLIB$$17f3b44a] is not eligible for getting processed by all BeanPostProcessors (for example: not eligible for auto-proxying)
2020-12-12 21:36:17.519  INFO 4520 --- [    Test worker] o.s.b.w.embedded.tomcat.TomcatWebServer  : Tomcat initialized with port(s): 0 (http)
2020-12-12 21:36:17.572  INFO 4520 --- [    Test worker] o.apache.catalina.core.StandardService   : Starting service [Tomcat]
2020-12-12 21:36:17.573  INFO 4520 --- [    Test worker] org.apache.catalina.core.StandardEngine  : Starting Servlet engine: [Apache Tomcat/9.0.26]
2020-12-12 21:36:17.813  INFO 4520 --- [    Test worker] o.a.c.c.C.[Tomcat].[localhost].[/]       : Initializing Spring embedded WebApplicationContext
2020-12-12 21:36:17.813  INFO 4520 --- [    Test worker] o.s.web.context.ContextLoader            : Root WebApplicationContext: initialization completed in 3634 ms
2020-12-12 21:36:18.874  INFO 4520 --- [    Test worker] com.zaxxer.hikari.HikariDataSource       : HikariPool-1 - Starting...
2020-12-12 21:36:19.202  INFO 4520 --- [    Test worker] com.zaxxer.hikari.HikariDataSource       : HikariPool-1 - Start completed.
2020-12-12 21:36:19.483  INFO 4520 --- [    Test worker] o.hibernate.jpa.internal.util.LogHelper  : HHH000204: Processing PersistenceUnitInfo [
	name: default
	...]
2020-12-12 21:36:19.626  INFO 4520 --- [    Test worker] org.hibernate.Version                    : HHH000412: Hibernate Core {5.3.12.Final}
2020-12-12 21:36:19.636  INFO 4520 --- [    Test worker] org.hibernate.cfg.Environment            : HHH000206: hibernate.properties not found
2020-12-12 21:36:20.526  INFO 4520 --- [    Test worker] o.hibernate.annotations.common.Version   : HCANN000001: Hibernate Commons Annotations {5.0.4.Final}
2020-12-12 21:36:20.885  INFO 4520 --- [    Test worker] org.hibernate.dialect.Dialect            : HHH000400: Using dialect: org.hibernate.dialect.MySQL5Dialect
Hibernate: drop table if exists posts
Hibernate: create table posts (id bigint not null auto_increment, created_date datetime, modified_date datetime, author varchar(255), content TEXT not null, title varchar(500) not null, primary key (id)) engine=MyISAM
2020-12-12 21:36:21.999  INFO 4520 --- [    Test worker] o.h.t.schema.internal.SchemaCreatorImpl  : HHH000476: Executing import script 'org.hibernate.tool.schema.internal.exec.ScriptSourceInputNonExistentImpl@3d06a71a'
2020-12-12 21:36:22.033  INFO 4520 --- [    Test worker] j.LocalContainerEntityManagerFactoryBean : Initialized JPA EntityManagerFactory for persistence unit 'default'
2020-12-12 21:36:23.876  INFO 4520 --- [    Test worker] o.s.s.concurrent.ThreadPoolTaskExecutor  : Initializing ExecutorService 'applicationTaskExecutor'
2020-12-12 21:36:24.044  WARN 4520 --- [    Test worker] aWebConfiguration$JpaWebMvcConfiguration : spring.jpa.open-in-view is enabled by default. Therefore, database queries may be performed during view rendering. Explicitly configure spring.jpa.open-in-view to disable this warning
2020-12-12 21:36:24.148  INFO 4520 --- [    Test worker] o.s.b.a.w.s.WelcomePageHandlerMapping    : Adding welcome page template: index
2020-12-12 21:36:24.895  INFO 4520 --- [    Test worker] .s.s.UserDetailsServiceAutoConfiguration : 

Using generated security password: ed61d23b-c122-4957-9143-8d4c5bb1e10f

2020-12-12 21:36:25.325  INFO 4520 --- [    Test worker] o.s.s.web.DefaultSecurityFilterChain     : Creating filter chain: any request, [org.springframework.security.web.context.request.async.WebAsyncManagerIntegrationFilter@49c4d460, org.springframework.security.web.context.SecurityContextPersistenceFilter@c135b29, org.springframework.security.web.header.HeaderWriterFilter@259dcfc, org.springframework.security.web.csrf.CsrfFilter@4e46c67e, org.springframework.security.web.authentication.logout.LogoutFilter@b2565a, org.springframework.security.web.authentication.UsernamePasswordAuthenticationFilter@5372afe9, org.springframework.security.web.authentication.ui.DefaultLoginPageGeneratingFilter@514d0229, org.springframework.security.web.authentication.ui.DefaultLogoutPageGeneratingFilter@4c25d221, org.springframework.security.web.authentication.www.BasicAuthenticationFilter@2210684d, org.springframework.security.web.savedrequest.RequestCacheAwareFilter@2b32d851, org.springframework.security.web.servletapi.SecurityContextHolderAwareRequestFilter@8980ab5, org.springframework.security.web.authentication.AnonymousAuthenticationFilter@6c08528c, org.springframework.security.web.session.SessionManagementFilter@53d24c1c, org.springframework.security.web.access.ExceptionTranslationFilter@6a7e5d2, org.springframework.security.web.access.intercept.FilterSecurityInterceptor@21dbb75d]
2020-12-12 21:36:25.619  INFO 4520 --- [    Test worker] s.a.ScheduledAnnotationBeanPostProcessor : No TaskScheduler/ScheduledExecutorService bean found for scheduled processing
2020-12-12 21:36:25.667  INFO 4520 --- [    Test worker] o.s.b.w.embedded.tomcat.TomcatWebServer  : Tomcat started on port(s): 2139 (http) with context path ''
2020-12-12 21:36:25.671  INFO 4520 --- [    Test worker] c.j.b.s.web.IndexControllerTest          : Started IndexControllerTest in 11.99 seconds (JVM running for 13.595)
2020-12-12 21:36:25.953  INFO 4520 --- [o-auto-1-exec-1] o.a.c.c.C.[Tomcat].[localhost].[/]       : Initializing Spring DispatcherServlet 'dispatcherServlet'
2020-12-12 21:36:25.953  INFO 4520 --- [o-auto-1-exec-1] o.s.web.servlet.DispatcherServlet        : Initializing Servlet 'dispatcherServlet'
2020-12-12 21:36:25.984  INFO 4520 --- [o-auto-1-exec-1] o.s.web.servlet.DispatcherServlet        : Completed initialization in 31 ms
]]></system-out>
  <system-err><![CDATA[]]></system-err>
</testsuite>
